2021-05-19T01:44:15.068+0800	error	/data/project/iyfiysi.com/short_url/internal/pkg/interceptor/http/query.go:81	POST /pingpong/v1 HTTP/1.1 0|1.82728ms|{"value":"100"}|{}
2021-05-19T01:44:16.779+0800	error	/data/project/iyfiysi.com/short_url/internal/pkg/interceptor/http/query.go:81	POST /pingpong/v1 HTTP/1.1 0|964.846µs|{"value":"100"}|{}
2021-05-19T01:44:18.152+0800	error	/data/project/iyfiysi.com/short_url/internal/pkg/interceptor/http/query.go:81	POST /pingpong/v1 HTTP/1.1 0|964.335µs|{"value":"100"}|{}
2021-05-20T23:49:57.839+0800	error	/data/project/iyfiysi.com/short_url/internal/pkg/interceptor/http/query.go:81	POST /encode/v1 HTTP/1.1 500|9.167969ms|{"link":"hdsjfl"}|{"error":"not valid link","code":2,"message":"not valid link"}
2021-05-20T23:50:10.888+0800	error	/data/project/iyfiysi.com/short_url/internal/pkg/interceptor/http/query.go:81	POST /encode/v1 HTTP/1.1 500|583.570181ms|{"link":"https://baidu.com/kdsajfl"}|{"error":"make id fail,plase retry later","code":2,"message":"make id fail,plase retry later"}
2021-05-20T23:50:36.530+0800	error	/data/project/iyfiysi.com/short_url/internal/pkg/interceptor/http/query.go:81	POST /encode/v1 HTTP/1.1 500|295.738385ms|{"link":"https://baidu.com/kdsajfl"}|{"error":"make id fail,plase retry later","code":2,"message":"make id fail,plase retry later"}
2021-05-20T23:55:49.275+0800	error	/data/project/iyfiysi.com/short_url/internal/pkg/interceptor/http/query.go:81	POST /encode/v1 HTTP/1.1 0|432.108891ms|{"link":"https://baidu.com/kdsajfl"}|{"retMsg":"success","msgShow":"success","shortUrl":"https://surl4.me/kNN"}
2021-05-20T23:55:52.111+0800	error	/data/project/iyfiysi.com/short_url/internal/pkg/interceptor/http/query.go:81	POST /encode/v1 HTTP/1.1 0|221.95576ms|{"link":"https://baidu.com/kdsajfl"}|{"retMsg":"success","msgShow":"success","shortUrl":"https://surl4.me/chh"}
2021-05-20T23:55:55.029+0800	error	/data/project/iyfiysi.com/short_url/internal/pkg/interceptor/http/query.go:81	POST /encode/v1 HTTP/1.1 0|149.143932ms|{"link":"https://baidu.com/kdsajfl"}|{"retMsg":"success","msgShow":"success","shortUrl":"https://surl4.me/p43"}
2021-05-21T00:01:27.638+0800	error	/data/project/iyfiysi.com/short_url/internal/pkg/interceptor/http/query.go:81	POST /encode/v1 HTTP/1.1 0|358.644907ms|{"link":"https://baidu.com/kdsajfl"}|{"retMsg":"success","msgShow":"success","shortUrl":"https://surl4.me/jZJ"}
2021-05-21T00:01:31.030+0800	error	/data/project/iyfiysi.com/short_url/internal/pkg/interceptor/http/query.go:81	POST /encode/v1 HTTP/1.1 0|132.159398ms|{"link":"https://baidu.com/kdsajfl"}|{"retMsg":"success","msgShow":"success","shortUrl":"https://surl4.me/btd"}
2021-05-21T00:01:58.316+0800	error	/data/project/iyfiysi.com/short_url/internal/pkg/interceptor/http/query.go:81	POST /phraseencode/v1 HTTP/1.1 500|143.736575ms|{"phrase":"qq","link":"https://baidu.com/kdsajfl"}|{"error":"phrase 'qq' been used","code":2,"message":"phrase 'qq' been used"}
2021-05-21T00:02:05.432+0800	error	/data/project/iyfiysi.com/short_url/internal/pkg/interceptor/http/query.go:81	POST /phraseencode/v1 HTTP/1.1 0|127.711734ms|{"phrase":"qq2009","link":"https://baidu.com/kdsajfl"}|{"retMsg":"success","msgShow":"success","shortUrl":"https://surl4.me/qq2009"}
2021-05-21T00:02:45.407+0800	error	/data/project/iyfiysi.com/short_url/internal/pkg/interceptor/http/query.go:81	POST /ban/v1 HTTP/1.1 0|33.166851ms|{"shortCode":"qq2009"}|{"retMsg":"success","msgShow":"success"}
2021-05-21T00:03:12.472+0800	error	/data/project/iyfiysi.com/short_url/internal/pkg/interceptor/http/query.go:81	POST /qq2009 HTTP/1.1 404|111.238µs||Not Found

2021-05-21T00:03:25.521+0800	error	/data/project/iyfiysi.com/short_url/internal/pkg/interceptor/http/query.go:81	GET /qq2009 HTTP/1.1 404|79.209µs||Not Found

2021-05-21T00:03:55.465+0800	error	/data/project/iyfiysi.com/short_url/internal/pkg/interceptor/http/query.go:81	POST /decode/qq2009 HTTP/1.1 500|2.228651ms||{"error":"no available for shortCode=qq2009","code":2,"message":"no available for shortCode=qq2009"}
2021-05-21T00:04:07.506+0800	error	/data/project/iyfiysi.com/short_url/internal/pkg/interceptor/http/query.go:81	POST /phraseencode/v1 HTTP/1.1 0|214.684086ms|{"phrase":"qq2010","link":"https://baidu.com/kdsajfl"}|{"retMsg":"success","msgShow":"success","shortUrl":"https://surl4.me/qq2010"}
2021-05-21T00:04:13.752+0800	error	/data/project/iyfiysi.com/short_url/internal/pkg/interceptor/http/query.go:81	POST /decode/qq2010 HTTP/1.1 0|1.204785ms||{"retMsg":"success","link":"https://baidu.com/kdsajfl"}
2021-05-21T00:05:23.740+0800	error	/data/project/iyfiysi.com/short_url/internal/pkg/interceptor/http/query.go:81	POST /decode/qq2010 HTTP/1.1 0|4.41351ms||{"retMsg":"success","link":"https://baidu.com/kdsajfl"}
2021-05-21T00:06:26.597+0800	error	/data/project/iyfiysi.com/short_url/internal/pkg/interceptor/http/query.go:81	POST /decode/qq2010 HTTP/1.1 404|114.374µs||Not Found

2021-05-21T00:06:31.788+0800	error	/data/project/iyfiysi.com/short_url/internal/pkg/interceptor/http/query.go:81	GET /decqq2009 HTTP/1.1 500|1.914092ms||{"error":"shortUrl=decqq2009,id=4305828431474958 is not valid","code":2,"message":"shortUrl=decqq2009,id=4305828431474958 is not valid"}
2021-05-21T00:06:43.806+0800	error	/data/project/iyfiysi.com/short_url/internal/pkg/interceptor/http/query.go:81	GET /qq2009 HTTP/1.1 500|2.258427ms||{"error":"no available for shortCode=qq2009","code":2,"message":"no available for shortCode=qq2009"}
2021-05-21T00:06:48.979+0800	error	/data/project/iyfiysi.com/short_url/internal/pkg/interceptor/http/query.go:81	GET /qq2010 HTTP/1.1 0|1.625532ms||{"retMsg":"success","link":"https://baidu.com/kdsajfl"}
2021-05-21T00:07:06.019+0800	error	/data/project/iyfiysi.com/short_url/internal/pkg/interceptor/http/query.go:81	GET / HTTP/1.1 500|1.245671ms||{"error":"shortUrl=,id=0 is not valid","code":2,"message":"shortUrl=,id=0 is not valid"}
2021-05-21T00:07:09.549+0800	error	/data/project/iyfiysi.com/short_url/internal/pkg/interceptor/http/query.go:81	GET / HTTP/1.1 500|1.195888ms||{"error":"shortUrl=,id=0 is not valid","code":2,"message":"shortUrl=,id=0 is not valid"}
2021-05-21T00:07:18.499+0800	error	/data/project/iyfiysi.com/short_url/internal/pkg/interceptor/http/query.go:81	GET /qq2010 HTTP/1.1 0|1.319789ms||{"retMsg":"success","link":"https://baidu.com/kdsajfl"}
2021-05-21T00:07:22.179+0800	error	/data/project/iyfiysi.com/short_url/internal/pkg/interceptor/http/query.go:81	GET /qq201010 HTTP/1.1 500|1.218901ms||{"error":"shortUrl=qq201010,id=111268077125913 is not valid","code":2,"message":"shortUrl=qq201010,id=111268077125913 is not valid"}
2021-05-21T00:25:25.221+0800	error	/data/project/iyfiysi.com/short_url/internal/pkg/interceptor/http/query.go:81	GET /qq201010 HTTP/1.1 500|11.31101ms||{"error":"shortUrl=qq201010,id=111268077125913 is not valid","code":2,"message":"shortUrl=qq201010,id=111268077125913 is not valid"}
2021-05-21T00:26:06.697+0800	error	/data/project/iyfiysi.com/short_url/internal/pkg/interceptor/http/query.go:81	GET /qq201010 HTTP/1.1 500|2.562426ms||{"error":"shortUrl=qq201010,id=111268077125913 is not valid","code":2,"message":"shortUrl=qq201010,id=111268077125913 is not valid"}
2021-05-21T00:26:06.894+0800	error	/data/project/iyfiysi.com/short_url/internal/pkg/interceptor/http/query.go:81	GET /favicon.ico HTTP/1.1 500|737.851µs||{"error":"unexpected character . in base62 literal","code":2,"message":"unexpected character . in base62 literal"}
2021-05-21T00:26:14.027+0800	error	/data/project/iyfiysi.com/short_url/internal/pkg/interceptor/http/query.go:81	GET /qq201010 HTTP/1.1 500|1.057709ms||{"error":"shortUrl=qq201010,id=111268077125913 is not valid","code":2,"message":"shortUrl=qq201010,id=111268077125913 is not valid"}
2021-05-21T00:26:14.090+0800	error	/data/project/iyfiysi.com/short_url/internal/pkg/interceptor/http/query.go:81	GET /favicon.ico HTTP/1.1 500|609.591µs||{"error":"unexpected character . in base62 literal","code":2,"message":"unexpected character . in base62 literal"}
2021-05-21T00:26:28.788+0800	error	/data/project/iyfiysi.com/short_url/internal/pkg/interceptor/http/query.go:81	GET /qq2010 HTTP/1.1 302|22.538392ms||{"retMsg":"success","link":"https://baidu.com/kdsajfl"}
2021-05-21T00:27:03.658+0800	error	/data/project/iyfiysi.com/short_url/internal/pkg/interceptor/http/query.go:81	POST /encode/v1 HTTP/1.1 0|393.777511ms|{"link":"https://stackoverflow.com/questions/49878855/how-to-do-a-302-redirect-in-grpc-gateway/59925385"}|{"retMsg":"success","msgShow":"success","shortUrl":"https://surl4.me/kFB"}
2021-05-21T00:27:14.796+0800	error	/data/project/iyfiysi.com/short_url/internal/pkg/interceptor/http/query.go:81	GET /favicon.ico HTTP/1.1 500|895.517µs||{"error":"unexpected character . in base62 literal","code":2,"message":"unexpected character . in base62 literal"}
2021-05-21T00:27:17.528+0800	error	/data/project/iyfiysi.com/short_url/internal/pkg/interceptor/http/query.go:81	GET /kFB HTTP/1.1 302|1.112642ms||{"retMsg":"success","link":"https://stackoverflow.com/questions/49878855/how-to-do-a-302-redirect-in-grpc-gateway/59925385"}
2021-05-21T02:05:06.947+0800	error	/data/project/iyfiysi.com/short_url/internal/pkg/interceptor/http/query.go:81	HEAD / HTTP/1.0 405|96.551µs||Method Not Allowed

2021-05-22T00:26:51.370+0800	error	/data/project/iyfiysi.com/short_url/internal/pkg/interceptor/http/query.go:81	GET /123 HTTP/1.1 500|6.422292ms||{"error":"shortUrl=123,id=4052 is not valid","code":2,"message":"shortUrl=123,id=4052 is not valid"}
2021-05-22T00:26:51.490+0800	error	/data/project/iyfiysi.com/short_url/internal/pkg/interceptor/http/query.go:81	GET /favicon.ico HTTP/1.1 500|2.369015ms||{"error":"unexpected character . in base62 literal","code":2,"message":"unexpected character . in base62 literal"}
2021-05-22T00:28:15.977+0800	error	/data/project/iyfiysi.com/short_url/internal/pkg/interceptor/http/query.go:81	OPTIONS /encode/v1 HTTP/1.1 204|52.078µs||
2021-05-22T00:28:19.031+0800	error	/data/project/iyfiysi.com/short_url/internal/pkg/interceptor/http/query.go:81	POST /encode/v1 HTTP/1.1 0|441.735609ms|{"link":"https://www.cnblogs.com/CinderellaStory/p/11091055.html"}|{"retMsg":"success","msgShow":"success","shortUrl":"https://surl4.me/kcb"}
2021-05-22T00:28:29.434+0800	error	/data/project/iyfiysi.com/short_url/internal/pkg/interceptor/http/query.go:81	OPTIONS /encode/v1 HTTP/1.1 204|35.086µs||
2021-05-22T00:28:31.467+0800	error	/data/project/iyfiysi.com/short_url/internal/pkg/interceptor/http/query.go:81	POST /encode/v1 HTTP/1.1 0|157.231181ms|{"link":"https://www.cnblogs.com/CinderellaStory/p/11091055.html"}|{"retMsg":"success","msgShow":"success","shortUrl":"https://surl4.me/bFF"}
2021-05-22T00:29:47.876+0800	error	/data/project/iyfiysi.com/short_url/internal/pkg/interceptor/http/query.go:81	OPTIONS /encode/v1 HTTP/1.1 204|35.466µs||
2021-05-22T00:30:07.885+0800	error	/data/project/iyfiysi.com/short_url/internal/pkg/interceptor/http/query.go:81	POST /encode/v1 HTTP/1.1 0|188.875354ms|{"link":"https://www.cnblogs.com/CinderellaStory/p/11091055.html"}|{"retMsg":"success","msgShow":"success","shortUrl":"https://surl4.me/osr"}
2021-05-22T00:30:31.830+0800	error	/data/project/iyfiysi.com/short_url/internal/pkg/interceptor/http/query.go:81	POST /encode/v1 HTTP/1.1 0|138.106363ms|{"link":"https://stackoverflow.com/questions/49878855/how-to-do-a-302-redirect-in-grpc-gateway/59925385"}curl&{"link":"https://stackoverflow.com/questions/49878855/how-to-do-a-302-redirect-in-grpc-gateway/59925385"}curl&{"link":"https://stackoverflow.com/questions/49878855/how-to-do-a-302-redirect-in-grpc-gateway/59925385"}curl&{"link":"https://stackoverflow.com/questions/49878855/how-to-do-a-302-redirect-in-grpc-gateway/59925385"}|{"retMsg":"success","msgShow":"success","shortUrl":"https://surl4.me/fVV"}
2021-05-22T00:30:31.972+0800	error	/data/project/iyfiysi.com/short_url/internal/pkg/interceptor/http/query.go:81	POST /encode/v1 HTTP/1.1 0|142.006794ms|{"link":"https://stackoverflow.com/questions/49878855/how-to-do-a-302-redirect-in-grpc-gateway/59925385"}curl&{"link":"https://stackoverflow.com/questions/49878855/how-to-do-a-302-redirect-in-grpc-gateway/59925385"}curl&{"link":"https://stackoverflow.com/questions/49878855/how-to-do-a-302-redirect-in-grpc-gateway/59925385"}curl&{"link":"https://stackoverflow.com/questions/49878855/how-to-do-a-302-redirect-in-grpc-gateway/59925385"}|{"retMsg":"success","msgShow":"success","shortUrl":"https://surl4.me/mkj"}
2021-05-22T00:30:32.101+0800	error	/data/project/iyfiysi.com/short_url/internal/pkg/interceptor/http/query.go:81	POST /encode/v1 HTTP/1.1 0|128.823738ms|{"link":"https://stackoverflow.com/questions/49878855/how-to-do-a-302-redirect-in-grpc-gateway/59925385"}curl&{"link":"https://stackoverflow.com/questions/49878855/how-to-do-a-302-redirect-in-grpc-gateway/59925385"}curl&{"link":"https://stackoverflow.com/questions/49878855/how-to-do-a-302-redirect-in-grpc-gateway/59925385"}curl&{"link":"https://stackoverflow.com/questions/49878855/how-to-do-a-302-redirect-in-grpc-gateway/59925385"}|{"retMsg":"success","msgShow":"success","shortUrl":"https://surl4.me/dNN"}
2021-05-22T00:30:32.234+0800	error	/data/project/iyfiysi.com/short_url/internal/pkg/interceptor/http/query.go:81	POST /encode/v1 HTTP/1.1 0|132.17991ms|{"link":"https://stackoverflow.com/questions/49878855/how-to-do-a-302-redirect-in-grpc-gateway/59925385"}curl&{"link":"https://stackoverflow.com/questions/49878855/how-to-do-a-302-redirect-in-grpc-gateway/59925385"}curl&{"link":"https://stackoverflow.com/questions/49878855/how-to-do-a-302-redirect-in-grpc-gateway/59925385"}curl&{"link":"https://stackoverflow.com/questions/49878855/how-to-do-a-302-redirect-in-grpc-gateway/59925385"}|{"retMsg":"success","msgShow":"success","shortUrl":"https://surl4.me/qAz"}
2021-05-22T00:39:20.495+0800	error	/data/project/iyfiysi.com/short_url/internal/pkg/interceptor/http/query.go:81	POST /encode/v1 HTTP/1.1 0|346.213636ms|{"link":"https://stackoverflow.com/questions/49878855/how-to-do-a-302-redirect-in-grpc-gateway/59925385"}|{"retMsg":"success","msgShow":"success","shortUrl":"https://surl4.me/i43"}
2021-05-22T00:39:32.500+0800	error	/data/project/iyfiysi.com/short_url/internal/pkg/interceptor/http/query.go:81	OPTIONS /encode/v1 HTTP/1.1 204|49.994µs||
2021-05-22T00:39:32.719+0800	error	/data/project/iyfiysi.com/short_url/internal/pkg/interceptor/http/query.go:81	POST /encode/v1 HTTP/1.1 0|164.398477ms|{"link":"https://www.cnblogs.com/CinderellaStory/p/11091055.html"}|{"retMsg":"success","msgShow":"success","shortUrl":"https://surl4.me/lgf"}
2021-05-22T00:39:45.687+0800	error	/data/project/iyfiysi.com/short_url/internal/pkg/interceptor/http/query.go:81	OPTIONS /encode/v1 HTTP/1.1 204|49.093µs||
2021-05-22T00:39:45.952+0800	error	/data/project/iyfiysi.com/short_url/internal/pkg/interceptor/http/query.go:81	POST /encode/v1 HTTP/1.1 0|225.490581ms|{"link":"https://www.cnblogs.com/CinderellaStory/p/11091055.html"}|{"retMsg":"success","msgShow":"success","shortUrl":"https://surl4.me/cJJ"}
2021-05-22T00:45:54.823+0800	error	/data/project/iyfiysi.com/short_url/internal/pkg/interceptor/http/query.go:81	OPTIONS /encode/v1 HTTP/1.1 204|67.126µs||
2021-05-22T00:45:55.213+0800	error	/data/project/iyfiysi.com/short_url/internal/pkg/interceptor/http/query.go:81	POST /encode/v1 HTTP/1.1 0|350.666839ms|{"link":"https://www.cnblogs.com/CinderellaStory/p/11091055.html"}|{"retMsg":"success","msgShow":"success","shortUrl":"https://surl4.me/gZZ"}
2021-05-22T00:48:12.631+0800	error	/data/project/iyfiysi.com/short_url/internal/pkg/interceptor/http/query.go:81	OPTIONS /encode/v1 HTTP/1.1 204|34.585µs||
2021-05-22T00:48:13.025+0800	error	/data/project/iyfiysi.com/short_url/internal/pkg/interceptor/http/query.go:81	POST /encode/v1 HTTP/1.1 500|994.182µs|{"link":"test"}|{"error":"not valid link","code":2,"message":"not valid link"}
2021-05-22T00:48:36.284+0800	error	/data/project/iyfiysi.com/short_url/internal/pkg/interceptor/http/query.go:81	OPTIONS /encode/v1 HTTP/1.1 204|36.477µs||
2021-05-22T00:48:37.994+0800	error	/data/project/iyfiysi.com/short_url/internal/pkg/interceptor/http/query.go:81	POST /encode/v1 HTTP/1.1 0|318.764923ms|{"link":"test.com"}|{"retMsg":"success","msgShow":"success","shortUrl":"https://surl4.me/rED"}
2021-05-22T00:58:33.709+0800	error	/data/project/iyfiysi.com/short_url/internal/pkg/interceptor/http/query.go:81	OPTIONS /encode/v1 HTTP/1.1 204|75.762µs||
2021-05-22T00:58:33.753+0800	error	/data/project/iyfiysi.com/short_url/internal/pkg/interceptor/http/query.go:81	POST /encode/v1 HTTP/1.1 500|1.098226ms|{"link":"file:///Users/danielzeng/Library/Containers/com.tencent.xinWeChat/Data/Library/Application%20Support/com.tencent.xinWeChat/2.0b4.0.9/4bc3dba88c4c0a87dde2a6320e7fc63a/Message/MessageTemp/9e20f478899dc29eb19741386f9343c8/File/test.html"}|{"error":"not valid link","code":2,"message":"not valid link"}
2021-05-22T00:58:49.275+0800	error	/data/project/iyfiysi.com/short_url/internal/pkg/interceptor/http/query.go:81	OPTIONS /encode/v1 HTTP/1.1 204|36.087µs||
2021-05-22T00:58:49.590+0800	error	/data/project/iyfiysi.com/short_url/internal/pkg/interceptor/http/query.go:81	POST /encode/v1 HTTP/1.1 0|275.806982ms|{"link":"https://www.baidu.com/s?ie=utf-8&f=8&rsv_bp=1&rsv_idx=1&tn=baidu&wd=vscode&fenlei=256&rsv_pq=b36d4f1500094c7e&rsv_t=0e85f%2BHrIZPJp8gYsT%2FWgR0QIwPXz%2BGBGI%2F9GsWSwMlry%2Fu0oMP6wsDq6h8&rqlang=cn&rsv_enter=1&rsv_dl=tb&rsv_sug3=7&rsv_sug1=7&rsv_sug7=100&rsv_sug2=0&rsv_btype=i&inputT=1205&rsv_sug4=1205"}|{"retMsg":"success","msgShow":"success","shortUrl":"https://surl4.me/j87"}
2021-05-22T00:59:30.119+0800	error	/data/project/iyfiysi.com/short_url/internal/pkg/interceptor/http/query.go:81	OPTIONS /encode/v1 HTTP/1.1 204|35.306µs||
2021-05-22T00:59:30.295+0800	error	/data/project/iyfiysi.com/short_url/internal/pkg/interceptor/http/query.go:81	POST /encode/v1 HTTP/1.1 0|136.826193ms|{"link":"https://www.baidu.com/s?ie=utf-8&f=8&rsv_bp=1&rsv_idx=1&tn=baidu&wd=vscode&fenlei=256&rsv_pq=b36d4f1500094c7e&rsv_t=0e85f%2BHrIZPJp8gYsT%2FWgR0QIwPXz%2BGBGI%2F9GsWSwMlry%2Fu0oMP6wsDq6h8&rqlang=cn&rsv_enter=1&rsv_dl=tb&rsv_sug3=7&rsv_sug1=7&rsv_sug7=100&rsv_sug2=0&rsv_btype=i&inputT=1205&rsv_sug4=1205"}|{"retMsg":"success","msgShow":"success","shortUrl":"https://surl4.me/jB1"}
2021-05-22T01:02:11.046+0800	error	/data/project/iyfiysi.com/short_url/internal/pkg/interceptor/http/query.go:81	OPTIONS /encode/v1 HTTP/1.1 204|35.646µs||
2021-05-22T01:02:11.618+0800	error	/data/project/iyfiysi.com/short_url/internal/pkg/interceptor/http/query.go:81	POST /encode/v1 HTTP/1.1 0|533.110932ms|{"link":"https://github.com/gohouse/golib/commits/master"}|{"retMsg":"success","msgShow":"success","shortUrl":"https://surl4.me/b4v"}
2021-05-22T01:02:16.034+0800	error	/data/project/iyfiysi.com/short_url/internal/pkg/interceptor/http/query.go:81	OPTIONS /encode/v1 HTTP/1.1 204|46.937µs||
2021-05-22T01:02:16.199+0800	error	/data/project/iyfiysi.com/short_url/internal/pkg/interceptor/http/query.go:81	POST /encode/v1 HTTP/1.1 0|126.099066ms|{"link":"https://github.com/gohouse/golib/commits/master"}|{"retMsg":"success","msgShow":"success","shortUrl":"https://surl4.me/nRh"}
2021-05-22T01:04:10.256+0800	error	/data/project/iyfiysi.com/short_url/internal/pkg/interceptor/http/query.go:81	OPTIONS /encode/v1 HTTP/1.1 204|35.076µs||
2021-05-22T01:04:10.494+0800	error	/data/project/iyfiysi.com/short_url/internal/pkg/interceptor/http/query.go:81	POST /encode/v1 HTTP/1.1 0|195.993562ms|{"link":"https://stackoverflow.com/questions/27978625/is-it-possible-to-run-android-emulator-android-apps-in-docker/28084824"}|{"retMsg":"success","msgShow":"success","shortUrl":"https://surl4.me/fkL"}
2021-05-22T01:05:33.415+0800	error	/data/project/iyfiysi.com/short_url/internal/pkg/interceptor/http/query.go:81	OPTIONS /encode/v1 HTTP/1.1 204|33.223µs||
2021-05-22T01:05:33.608+0800	error	/data/project/iyfiysi.com/short_url/internal/pkg/interceptor/http/query.go:81	POST /encode/v1 HTTP/1.1 0|132.61375ms|{"link":"https://stackoverflow.com/questions/27978625/is-it-possible-to-run-android-emulator-android-apps-in-docker/28084824"}|{"retMsg":"success","msgShow":"success","shortUrl":"https://surl4.me/lJ9"}
2021-05-22T01:06:29.896+0800	error	/data/project/iyfiysi.com/short_url/internal/pkg/interceptor/http/query.go:81	OPTIONS /encode/v1 HTTP/1.1 204|49.632µs||
2021-05-22T01:06:30.294+0800	error	/data/project/iyfiysi.com/short_url/internal/pkg/interceptor/http/query.go:81	POST /encode/v1 HTTP/1.1 0|355.081837ms|{"link":"https://stackoverflow.com/questions/27978625/is-it-possible-to-run-android-emulator-android-apps-in-docker/28084824"}|{"retMsg":"success","msgShow":"success","shortUrl":"https://surl4.me/dcD"}
2021-05-22T01:07:03.620+0800	error	/data/project/iyfiysi.com/short_url/internal/pkg/interceptor/http/query.go:81	GET /dcD HTTP/1.1 302|10.075879ms||{"retMsg":"success","link":"https://stackoverflow.com/questions/27978625/is-it-possible-to-run-android-emulator-android-apps-in-docker/28084824"}
2021-05-22T01:27:47.754+0800	error	/data/project/iyfiysi.com/short_url/internal/pkg/interceptor/http/query.go:81	HEAD / HTTP/1.0 405|119.333µs||Method Not Allowed

2021-05-22T02:02:12.534+0800	error	/data/project/iyfiysi.com/short_url/internal/pkg/interceptor/http/query.go:81	HEAD / HTTP/1.0 405|99.496µs||Method Not Allowed

2021-05-22T03:42:52.127+0800	error	/data/project/iyfiysi.com/short_url/internal/pkg/interceptor/http/query.go:81	GET / HTTP/1.1 500|82.593717ms||{"error":"shortUrl=,id=0 is not valid","code":2,"message":"shortUrl=,id=0 is not valid"}
2021-05-22T04:02:59.732+0800	error	/data/project/iyfiysi.com/short_url/internal/pkg/interceptor/http/query.go:81	GET / HTTP/1.1 500|1.152738ms||{"error":"shortUrl=,id=0 is not valid","code":2,"message":"shortUrl=,id=0 is not valid"}
2021-05-22T07:50:56.590+0800	error	/data/project/iyfiysi.com/short_url/internal/pkg/interceptor/http/query.go:81	OPTIONS /encode/v1 HTTP/1.1 204|88.856µs||
2021-05-22T07:50:57.294+0800	error	/data/project/iyfiysi.com/short_url/internal/pkg/interceptor/http/query.go:81	POST /encode/v1 HTTP/1.1 0|661.777969ms|{"link":"https://github.com/grpc-ecosystem/grpc-gateway/tree/master/examples/internal/proto"}|{"retMsg":"success","msgShow":"success","shortUrl":"https://surl4.me/l0v"}
2021-05-22T07:52:46.639+0800	error	/data/project/iyfiysi.com/short_url/internal/pkg/interceptor/http/query.go:81	OPTIONS /encode/v1 HTTP/1.1 204|37.951µs||
2021-05-22T07:52:46.942+0800	error	/data/project/iyfiysi.com/short_url/internal/pkg/interceptor/http/query.go:81	POST /encode/v1 HTTP/1.1 0|262.076582ms|{"link":"https://github.com/grpc-ecosystem/grpc-gateway/tree/master/examples/internal/proto"}|{"retMsg":"success","msgShow":"success","shortUrl":"https://surl4.me/ctZ"}
2021-05-22T07:54:20.485+0800	error	/data/project/iyfiysi.com/short_url/internal/pkg/interceptor/http/query.go:81	OPTIONS /encode/v1 HTTP/1.1 204|48.441µs||
2021-05-22T07:54:20.996+0800	error	/data/project/iyfiysi.com/short_url/internal/pkg/interceptor/http/query.go:81	POST /encode/v1 HTTP/1.1 0|461.208776ms|{"link":"https://github.com/grpc-ecosystem/grpc-gateway/tree/master/examples/internal/proto"}|{"retMsg":"success","msgShow":"success","shortUrl":"https://surl4.me/pgL"}
2021-05-22T07:54:46.549+0800	error	/data/project/iyfiysi.com/short_url/internal/pkg/interceptor/http/query.go:81	OPTIONS /encode/v1 HTTP/1.1 204|36.478µs||
2021-05-22T07:54:46.825+0800	error	/data/project/iyfiysi.com/short_url/internal/pkg/interceptor/http/query.go:81	POST /encode/v1 HTTP/1.1 0|226.239865ms|{"link":"https://github.com/grpc-ecosystem/grpc-gateway/tree/master/examples/internal/proto"}|{"retMsg":"success","msgShow":"success","shortUrl":"https://surl4.me/gKf"}
2021-05-22T07:55:11.079+0800	error	/data/project/iyfiysi.com/short_url/internal/pkg/interceptor/http/query.go:81	OPTIONS /encode/v1 HTTP/1.1 204|33.983µs||
2021-05-22T07:55:11.344+0800	error	/data/project/iyfiysi.com/short_url/internal/pkg/interceptor/http/query.go:81	POST /encode/v1 HTTP/1.1 0|223.890506ms|{"link":"https://github.com/grpc-ecosystem/grpc-gateway/tree/master/examples/internal/proto"}|{"retMsg":"success","msgShow":"success","shortUrl":"https://surl4.me/n8D"}
2021-05-22T07:55:37.032+0800	error	/data/project/iyfiysi.com/short_url/internal/pkg/interceptor/http/query.go:81	OPTIONS /encode/v1 HTTP/1.1 204|34.014µs||
2021-05-22T07:55:37.255+0800	error	/data/project/iyfiysi.com/short_url/internal/pkg/interceptor/http/query.go:81	POST /encode/v1 HTTP/1.1 0|165.695534ms|{"link":"https://github.com/grpc-ecosystem/grpc-gateway/tree/master/examples/internal/proto"}|{"retMsg":"success","msgShow":"success","shortUrl":"https://surl4.me/eC7"}
2021-05-22T07:57:24.857+0800	error	/data/project/iyfiysi.com/short_url/internal/pkg/interceptor/http/query.go:81	OPTIONS /encode/v1 HTTP/1.1 204|39.044µs||
2021-05-22T07:57:25.337+0800	error	/data/project/iyfiysi.com/short_url/internal/pkg/interceptor/http/query.go:81	POST /encode/v1 HTTP/1.1 0|430.129831ms|{"link":"https://github.com/grpc-ecosystem/grpc-gateway/tree/master/examples/internal/proto"}|{"retMsg":"success","msgShow":"success","shortUrl":"https://surl4.me/roT"}
2021-05-22T08:00:58.481+0800	error	/data/project/iyfiysi.com/short_url/internal/pkg/interceptor/http/query.go:81	OPTIONS /encode/v1 HTTP/1.1 204|55.615µs||
2021-05-22T08:00:58.843+0800	error	/data/project/iyfiysi.com/short_url/internal/pkg/interceptor/http/query.go:81	POST /encode/v1 HTTP/1.1 0|313.468915ms|{"link":"https://github.com/grpc-ecosystem/grpc-gateway/tree/master/examples/internal/proto"}|{"retMsg":"success","msgShow":"success","shortUrl":"https://surl4.me/iSn"}
2021-05-22T08:02:03.937+0800	error	/data/project/iyfiysi.com/short_url/internal/pkg/interceptor/http/query.go:81	OPTIONS /encode/v1 HTTP/1.1 204|34.104µs||
2021-05-22T08:02:04.123+0800	error	/data/project/iyfiysi.com/short_url/internal/pkg/interceptor/http/query.go:81	POST /encode/v1 HTTP/1.1 0|145.125828ms|{"link":"https://github.com/grpc-ecosystem/grpc-gateway/tree/master/examples/internal/proto"}|{"retMsg":"success","msgShow":"success","shortUrl":"https://surl4.me/jFV"}
2021-05-22T08:02:34.970+0800	error	/data/project/iyfiysi.com/short_url/internal/pkg/interceptor/http/query.go:81	OPTIONS /encode/v1 HTTP/1.1 204|40.436µs||
2021-05-22T08:02:35.174+0800	error	/data/project/iyfiysi.com/short_url/internal/pkg/interceptor/http/query.go:81	POST /encode/v1 HTTP/1.1 0|157.629469ms|{"link":"https://github.com/grpc-ecosystem/grpc-gateway/tree/master/examples/internal/proto"}|{"retMsg":"success","msgShow":"success","shortUrl":"https://surl4.me/b9p"}
2021-05-22T08:03:02.633+0800	error	/data/project/iyfiysi.com/short_url/internal/pkg/interceptor/http/query.go:81	OPTIONS /encode/v1 HTTP/1.1 204|34.285µs||
2021-05-22T08:03:02.810+0800	error	/data/project/iyfiysi.com/short_url/internal/pkg/interceptor/http/query.go:81	POST /encode/v1 HTTP/1.1 0|132.469692ms|{"link":"https://github.com/grpc-ecosystem/grpc-gateway/tree/master/examples/internal/proto"}|{"retMsg":"success","msgShow":"success","shortUrl":"https://surl4.me/fpF"}
2021-05-22T08:03:19.281+0800	error	/data/project/iyfiysi.com/short_url/internal/pkg/interceptor/http/query.go:81	OPTIONS /encode/v1 HTTP/1.1 204|34.646µs||
2021-05-22T08:03:19.456+0800	error	/data/project/iyfiysi.com/short_url/internal/pkg/interceptor/http/query.go:81	POST /encode/v1 HTTP/1.1 0|126.071342ms|{"link":"https://github.com/grpc-ecosystem/grpc-gateway/tree/master/examples/internal/proto"}|{"retMsg":"success","msgShow":"success","shortUrl":"https://surl4.me/lO3"}
2021-05-22T08:03:36.145+0800	error	/data/project/iyfiysi.com/short_url/internal/pkg/interceptor/http/query.go:81	OPTIONS /encode/v1 HTTP/1.1 204|32.08µs||
2021-05-22T08:03:36.314+0800	error	/data/project/iyfiysi.com/short_url/internal/pkg/interceptor/http/query.go:81	POST /encode/v1 HTTP/1.1 0|126.295782ms|{"link":"https://github.com/grpc-ecosystem/grpc-gateway/tree/master/examples/internal/proto"}|{"retMsg":"success","msgShow":"success","shortUrl":"https://surl4.me/dhx"}
2021-05-22T08:04:25.010+0800	error	/data/project/iyfiysi.com/short_url/internal/pkg/interceptor/http/query.go:81	OPTIONS /encode/v1 HTTP/1.1 204|39.032µs||
2021-05-22T08:04:25.211+0800	error	/data/project/iyfiysi.com/short_url/internal/pkg/interceptor/http/query.go:81	POST /encode/v1 HTTP/1.1 0|151.739352ms|{"link":"https://github.com/grpc-ecosystem/grpc-gateway/tree/master/examples/internal/proto"}|{"retMsg":"success","msgShow":"success","shortUrl":"https://surl4.me/q4j"}
2021-05-22T08:05:01.428+0800	error	/data/project/iyfiysi.com/short_url/internal/pkg/interceptor/http/query.go:81	OPTIONS /encode/v1 HTTP/1.1 204|34.083µs||
2021-05-22T08:05:01.624+0800	error	/data/project/iyfiysi.com/short_url/internal/pkg/interceptor/http/query.go:81	POST /encode/v1 HTTP/1.1 0|143.732381ms|{"link":"https://github.com/prometheus/prometheus"}|{"retMsg":"success","msgShow":"success","shortUrl":"https://surl4.me/hxN"}
2021-05-22T08:05:22.563+0800	error	/data/project/iyfiysi.com/short_url/internal/pkg/interceptor/http/query.go:81	OPTIONS /encode/v1 HTTP/1.1 204|34.926µs||
2021-05-22T08:05:22.745+0800	error	/data/project/iyfiysi.com/short_url/internal/pkg/interceptor/http/query.go:81	POST /encode/v1 HTTP/1.1 0|137.230356ms|{"link":"https://github.com/prometheus/prometheus"}|{"retMsg":"success","msgShow":"success","shortUrl":"https://surl4.me/cdt"}
2021-05-22T08:06:14.030+0800	error	/data/project/iyfiysi.com/short_url/internal/pkg/interceptor/http/query.go:81	OPTIONS /encode/v1 HTTP/1.1 204|34.995µs||
2021-05-22T08:06:14.224+0800	error	/data/project/iyfiysi.com/short_url/internal/pkg/interceptor/http/query.go:81	POST /encode/v1 HTTP/1.1 0|149.313631ms|{"link":"https://github.com/prometheus/prometheus"}|{"retMsg":"success","msgShow":"success","shortUrl":"https://surl4.me/p0f"}
2021-05-22T08:08:46.845+0800	error	/data/project/iyfiysi.com/short_url/internal/pkg/interceptor/http/query.go:81	OPTIONS /encode/v1 HTTP/1.1 204|53.751µs||
2021-05-22T08:08:47.171+0800	error	/data/project/iyfiysi.com/short_url/internal/pkg/interceptor/http/query.go:81	POST /encode/v1 HTTP/1.1 0|284.835722ms|{"link":"https://github.com/prometheus/prometheus"}|{"retMsg":"success","msgShow":"success","shortUrl":"https://surl4.me/gtJ"}
2021-05-22T08:20:00.804+0800	error	/data/project/iyfiysi.com/short_url/internal/pkg/interceptor/http/query.go:81	OPTIONS /encode/v1 HTTP/1.1 204|80.522µs||
2021-05-22T08:20:01.430+0800	error	/data/project/iyfiysi.com/short_url/internal/pkg/interceptor/http/query.go:81	POST /encode/v1 HTTP/1.1 0|575.661851ms|{"link":"https://github.com/prometheus/prometheus"}|{"retMsg":"success","msgShow":"success","shortUrl":"https://surl4.me/mS7"}
2021-05-22T08:20:29.037+0800	error	/data/project/iyfiysi.com/short_url/internal/pkg/interceptor/http/query.go:81	OPTIONS /encode/v1 HTTP/1.1 204|39.283µs||
2021-05-22T08:20:29.292+0800	error	/data/project/iyfiysi.com/short_url/internal/pkg/interceptor/http/query.go:81	POST /encode/v1 HTTP/1.1 0|206.650527ms|{"link":"https://github.com/prometheus/prometheus"}|{"retMsg":"success","msgShow":"success","shortUrl":"https://surl4.me/elB"}
2021-05-22T08:21:11.868+0800	error	/data/project/iyfiysi.com/short_url/internal/pkg/interceptor/http/query.go:81	OPTIONS /encode/v1 HTTP/1.1 204|34.855µs||
2021-05-22T08:21:12.165+0800	error	/data/project/iyfiysi.com/short_url/internal/pkg/interceptor/http/query.go:81	POST /encode/v1 HTTP/1.1 0|245.502275ms|{"link":"https://github.com/prometheus/prometheus"}|{"retMsg":"success","msgShow":"success","shortUrl":"https://surl4.me/r8n"}
2021-05-22T08:22:25.606+0800	error	/data/project/iyfiysi.com/short_url/internal/pkg/interceptor/http/query.go:81	OPTIONS /encode/v1 HTTP/1.1 204|36.158µs||
2021-05-22T08:22:26.054+0800	error	/data/project/iyfiysi.com/short_url/internal/pkg/interceptor/http/query.go:81	POST /encode/v1 HTTP/1.1 0|399.970756ms|{"link":"https://github.com/prometheus/prometheus"}|{"retMsg":"success","msgShow":"success","shortUrl":"https://surl4.me/iBR"}
2021-05-22T08:24:05.666+0800	error	/data/project/iyfiysi.com/short_url/internal/pkg/interceptor/http/query.go:81	OPTIONS /encode/v1 HTTP/1.1 204|40.647µs||
2021-05-22T08:24:06.049+0800	error	/data/project/iyfiysi.com/short_url/internal/pkg/interceptor/http/query.go:81	POST /encode/v1 HTTP/1.1 0|341.412101ms|{"link":"https://github.com/prometheus/prometheus"}|{"retMsg":"success","msgShow":"success","shortUrl":"https://surl4.me/kcX"}
2021-05-22T08:24:31.523+0800	error	/data/project/iyfiysi.com/short_url/internal/pkg/interceptor/http/query.go:81	OPTIONS /encode/v1 HTTP/1.1 204|38.603µs||
2021-05-22T08:24:31.799+0800	error	/data/project/iyfiysi.com/short_url/internal/pkg/interceptor/http/query.go:81	POST /encode/v1 HTTP/1.1 0|233.924489ms|{"link":"https://github.com/prometheus/prometheus"}|{"retMsg":"success","msgShow":"success","shortUrl":"https://surl4.me/bGr"}
